  Campo minado C++.cpp
d:\campominadocpp\campo minado c++\campo minado c++\campo minado c++.cpp(18): warning C4244: 'argumento': conversão de 'time_t' para 'unsigned int', possível perda de dados
d:\campominadocpp\campo minado c++\campo minado c++\campo minado c++.cpp(79): warning C4244: 'argumento': conversão de 'T' para 'T', possível perda de dados
          with
          [
              T=int
          ]
          and
          [
              T=float
          ]
d:\campominadocpp\campo minado c++\campo minado c++\campo minado c++.cpp(265): warning C4244: 'argumento': conversão de 'T' para 'T', possível perda de dados
          with
          [
              T=int
          ]
          and
          [
              T=float
          ]
d:\campominadocpp\campo minado c++\campo minado c++\campo minado c++.cpp(391): warning C4244: 'argumento': conversão de 'int' para 'float', possível perda de dados
d:\campominadocpp\campo minado c++\campo minado c++\campo minado c++.cpp(398): warning C4244: 'argumento': conversão de 'T' para 'T', possível perda de dados
          with
          [
              T=unsigned int
          ]
          and
          [
              T=float
          ]
d:\campominadocpp\campo minado c++\campo minado c++\campo minado c++.cpp(417): warning C4244: 'argumento': conversão de 'int' para 'float', possível perda de dados
d:\campominadocpp\campo minado c++\campo minado c++\campo minado c++.cpp(427): warning C4244: 'argumento': conversão de 'T' para 'T', possível perda de dados
          with
          [
              T=unsigned int
          ]
          and
          [
              T=float
          ]
d:\campominadocpp\campo minado c++\campo minado c++\campo minado c++.cpp(451): warning C4244: 'argumento': conversão de 'T' para 'T', possível perda de dados
          with
          [
              T=unsigned int
          ]
          and
          [
              T=float
          ]
  Gerando código
  All 66 functions were compiled because no usable IPDB/IOBJ from previous compilation was found.
  Finalizada a geração de código
  Campo minado C++.vcxproj -> D:\CampoMinadoCPP\Campo minado C++\Release\Campo minado C++.exe
