  Campo minado C++.cpp
d:\campominadocpp\campo minado c++\campo minado c++\campo minado c++.cpp(18): warning C4244: 'argumento': conversão de 'time_t' para 'unsigned int', possível perda de dados
d:\campominadocpp\campo minado c++\campo minado c++\campo minado c++.cpp(80): warning C4244: 'argumento': conversão de 'T' para 'T', possível perda de dados
          with
          [
              T=int
          ]
          and
          [
              T=float
          ]
d:\campominadocpp\campo minado c++\campo minado c++\campo minado c++.cpp(266): warning C4244: 'argumento': conversão de 'T' para 'T', possível perda de dados
          with
          [
              T=int
          ]
          and
          [
              T=float
          ]
d:\campominadocpp\campo minado c++\campo minado c++\campo minado c++.cpp(392): warning C4244: 'argumento': conversão de 'int' para 'float', possível perda de dados
d:\campominadocpp\campo minado c++\campo minado c++\campo minado c++.cpp(399): warning C4244: 'argumento': conversão de 'T' para 'T', possível perda de dados
          with
          [
              T=unsigned int
          ]
          and
          [
              T=float
          ]
d:\campominadocpp\campo minado c++\campo minado c++\campo minado c++.cpp(418): warning C4244: 'argumento': conversão de 'int' para 'float', possível perda de dados
d:\campominadocpp\campo minado c++\campo minado c++\campo minado c++.cpp(428): warning C4244: 'argumento': conversão de 'T' para 'T', possível perda de dados
          with
          [
              T=unsigned int
          ]
          and
          [
              T=float
          ]
d:\campominadocpp\campo minado c++\campo minado c++\campo minado c++.cpp(451): warning C4244: 'argumento': conversão de 'T' para 'T', possível perda de dados
          with
          [
              T=unsigned int
          ]
          and
          [
              T=float
          ]
  Campo minado C++.vcxproj -> D:\CampoMinadoCPP\Campo minado C++\Debug\Campo minado C++.exe
